<?xml version="1.0" encoding="UTF-8"?>
<!-- Generated by org.testng.reporters.JUnitReportReporter -->
<testsuite hostname="DESKTOP-03NIIQU" failures="0" tests="3" name="com.testNG.TestNgBasics" time="44.405" errors="0" timestamp="2021-07-07T20:27:02 IST" skipped="0">
  <testcase classname="com.testNG.TestNgBasics" name="googleTitleTest" time="22.592"/>
  <system-out/>
  <testcase classname="com.testNG.TestNgBasics" name="googleLogoTest" time="10.129"/>
  <system-out/>
  <testcase classname="com.testNG.TestNgBasics" name="searchTest" time="11.684"/>
  <system-out/>
</testsuite> <!-- com.testNG.TestNgBasics -->
