<?xml version="1.0" encoding="UTF-8"?>
<!-- Generated by org.testng.reporters.JUnitReportReporter -->
<testsuite hostname="DESKTOP-03NIIQU" failures="0" tests="3" name="com.testNG.TestNgGroups" time="44.923" errors="0" timestamp="2021-07-07T17:24:58 IST" skipped="0">
  <testcase classname="com.testNG.TestNgGroups" name="googleTitleTest" time="9.677"/>
  <system-out/>
  <testcase classname="com.testNG.TestNgGroups" name="googleLogoTest" time="22.974"/>
  <system-out/>
  <testcase classname="com.testNG.TestNgGroups" name="searchTest" time="12.272"/>
  <system-out/>
</testsuite> <!-- com.testNG.TestNgGroups -->
