<?xml version="1.0" encoding="UTF-8"?>
<!-- Generated by org.testng.reporters.JUnitReportReporter -->
<testsuite hostname="DESKTOP-03NIIQU" failures="0" tests="3" name="com.testNG.TestNgBasics" time="37.581" errors="0" timestamp="2021-07-07T11:39:14 IST" skipped="0">
  <testcase classname="com.testNG.TestNgBasics" name="googleTitleTest" time="12.180"/>
  <system-out/>
  <testcase classname="com.testNG.TestNgBasics" name="googleLogoTest" time="11.551"/>
  <system-out/>
  <testcase classname="com.testNG.TestNgBasics" name="searchTest" time="13.850"/>
  <system-out/>
</testsuite> <!-- com.testNG.TestNgBasics -->
