<?xml version="1.0" encoding="UTF-8"?>
<!-- Generated by org.testng.reporters.JUnitReportReporter -->
<testsuite hostname="DESKTOP-03NIIQU" failures="0" tests="3" name="com.testNG.TestNgAnnotations" time="0.029" errors="0" timestamp="2021-07-07T20:27:02 IST" skipped="0">
  <testcase classname="com.testNG.TestNgAnnotations" name="googleTitleTest" time="0.013"/>
  <system-out/>
  <testcase classname="com.testNG.TestNgAnnotations" name="googleLogoTest" time="0.008"/>
  <system-out/>
  <testcase classname="com.testNG.TestNgAnnotations" name="searchTest" time="0.008"/>
  <system-out/>
</testsuite> <!-- com.testNG.TestNgAnnotations -->
