<?xml version="1.0" encoding="UTF-8"?>
<!-- Generated by org.testng.reporters.JUnitReportReporter -->
<testsuite hostname="DESKTOP-03NIIQU" failures="0" tests="3" name="com.testNG.testNgAnnotations" time="0.036" errors="0" timestamp="2021-07-06T23:01:03 IST" skipped="0">
  <testcase classname="com.testNG.testNgAnnotations" name="googleTitleTest" time="0.016"/>
  <system-out/>
  <testcase classname="com.testNG.testNgAnnotations" name="googleLogoTest" time="0.013"/>
  <system-out/>
  <testcase classname="com.testNG.testNgAnnotations" name="searchTest" time="0.007"/>
  <system-out/>
</testsuite> <!-- com.testNG.testNgAnnotations -->
