<?xml version="1.0" encoding="UTF-8"?>
<!-- Generated by org.testng.reporters.JUnitReportReporter -->
<testsuite hostname="DESKTOP-03NIIQU" failures="0" tests="6" name="com.testNG.TestCaseWithDifferentNetworkBandwidth" time="205.818" errors="0" timestamp="2021-07-21T13:31:40 IST" skipped="0">
  <testcase classname="com.testNG.TestCaseWithDifferentNetworkBandwidth" name="test" time="7.510"/>
  <system-out/>
  <testcase classname="com.testNG.TestCaseWithDifferentNetworkBandwidth" name="test" time="22.346"/>
  <system-out/>
  <testcase classname="com.testNG.TestCaseWithDifferentNetworkBandwidth" name="test" time="87.789"/>
  <system-out/>
  <testcase classname="com.testNG.TestCaseWithDifferentNetworkBandwidth" name="test" time="9.989"/>
  <system-out/>
  <testcase classname="com.testNG.TestCaseWithDifferentNetworkBandwidth" name="test" time="30.811"/>
  <system-out/>
  <testcase classname="com.testNG.TestCaseWithDifferentNetworkBandwidth" name="test" time="47.373"/>
  <system-out/>
</testsuite> <!-- com.testNG.TestCaseWithDifferentNetworkBandwidth -->
