<?xml version="1.0" encoding="UTF-8"?>
<!-- Generated by org.testng.reporters.JUnitReportReporter -->
<testsuite hostname="DESKTOP-03NIIQU" failures="0" tests="10" name="com.testNG.InvocationCount" time="0.035" errors="0" timestamp="2021-07-07T18:00:27 IST" skipped="0">
  <testcase classname="com.testNG.InvocationCount" name="sum" time="0.002"/>
  <system-out/>
  <testcase classname="com.testNG.InvocationCount" name="sum" time="0.001"/>
  <system-out/>
  <testcase classname="com.testNG.InvocationCount" name="sum" time="0.002"/>
  <system-out/>
  <testcase classname="com.testNG.InvocationCount" name="sum" time="0.013"/>
  <system-out/>
  <testcase classname="com.testNG.InvocationCount" name="sum" time="0.003"/>
  <system-out/>
  <testcase classname="com.testNG.InvocationCount" name="sum" time="0.002"/>
  <system-out/>
  <testcase classname="com.testNG.InvocationCount" name="sum" time="0.002"/>
  <system-out/>
  <testcase classname="com.testNG.InvocationCount" name="sum" time="0.004"/>
  <system-out/>
  <testcase classname="com.testNG.InvocationCount" name="sum" time="0.002"/>
  <system-out/>
  <testcase classname="com.testNG.InvocationCount" name="sum" time="0.004"/>
  <system-out/>
</testsuite> <!-- com.testNG.InvocationCount -->
