<?xml version="1.0" encoding="UTF-8"?>
<!-- Generated by org.testng.reporters.JUnitReportReporter -->
<testsuite hostname="DESKTOP-03NIIQU" failures="0" tests="3" name="com.testNG.TestNgGroups" time="32.381" errors="0" timestamp="2021-07-07T20:27:02 IST" skipped="0">
  <testcase classname="com.testNG.TestNgGroups" name="googleTitleTest" time="9.402"/>
  <system-out/>
  <testcase classname="com.testNG.TestNgGroups" name="googleLogoTest" time="11.229"/>
  <system-out/>
  <testcase classname="com.testNG.TestNgGroups" name="searchTest" time="11.750"/>
  <system-out/>
</testsuite> <!-- com.testNG.TestNgGroups -->
