<?xml version="1.0" encoding="UTF-8"?>
<!-- Generated by org.testng.reporters.JUnitReportReporter -->
<testsuite hostname="DESKTOP-03NIIQU" failures="0" tests="1" name="com.testNG.ScreenRecordTest" time="37.393" errors="0" timestamp="2021-07-23T10:53:41 IST" skipped="0">
  <testcase classname="com.testNG.ScreenRecordTest" name="navigationTest" time="37.393"/>
  <system-out/>
</testsuite> <!-- com.testNG.ScreenRecordTest -->
