<?xml version="1.0" encoding="UTF-8"?>
<!-- Generated by org.testng.reporters.JUnitReportReporter -->
<testsuite hostname="DESKTOP-03NIIQU" failures="0" tests="10" name="com.testNG.InvocationCount" time="0.029" errors="0" timestamp="2021-07-07T20:27:02 IST" skipped="0">
  <testcase classname="com.testNG.InvocationCount" name="sum" time="0.002"/>
  <system-out/>
  <testcase classname="com.testNG.InvocationCount" name="sum" time="0.002"/>
  <system-out/>
  <testcase classname="com.testNG.InvocationCount" name="sum" time="0.002"/>
  <system-out/>
  <testcase classname="com.testNG.InvocationCount" name="sum" time="0.002"/>
  <system-out/>
  <testcase classname="com.testNG.InvocationCount" name="sum" time="0.001"/>
  <system-out/>
  <testcase classname="com.testNG.InvocationCount" name="sum" time="0.002"/>
  <system-out/>
  <testcase classname="com.testNG.InvocationCount" name="sum" time="0.009"/>
  <system-out/>
  <testcase classname="com.testNG.InvocationCount" name="sum" time="0.006"/>
  <system-out/>
  <testcase classname="com.testNG.InvocationCount" name="sum" time="0.002"/>
  <system-out/>
  <testcase classname="com.testNG.InvocationCount" name="sum" time="0.001"/>
  <system-out/>
</testsuite> <!-- com.testNG.InvocationCount -->
