<?xml version="1.0" encoding="UTF-8"?>
<!-- Generated by org.testng.reporters.JUnitReportReporter -->
<testsuite hostname="DESKTOP-03NIIQU" failures="0" tests="1" name="com.testNG.ExpectedExceptions" time="0.012" errors="0" timestamp="2021-07-07T18:26:42 IST" skipped="0">
  <testcase classname="com.testNG.ExpectedExceptions" name="exceptionTest" time="0.012"/>
  <system-out/>
</testsuite> <!-- com.testNG.ExpectedExceptions -->
