<?xml version="1.0" encoding="UTF-8"?>
<!-- Generated by org.testng.reporters.JUnitReportReporter -->
<testsuite hostname="DESKTOP-03NIIQU" failures="0" tests="4" name="com.testNG.DataProviderExample" time="126.624" errors="0" timestamp="2021-07-11T17:34:02 IST" skipped="0">
  <testcase classname="com.testNG.DataProviderExample" name="fillQueryTextArea" time="23.730"/>
  <system-out/>
  <testcase classname="com.testNG.DataProviderExample" name="fillQueryTextArea" time="25.093"/>
  <system-out/>
  <testcase classname="com.testNG.DataProviderExample" name="fillQueryTextArea" time="54.160"/>
  <system-out/>
  <testcase classname="com.testNG.DataProviderExample" name="fillQueryTextArea" time="23.641"/>
  <system-out/>
</testsuite> <!-- com.testNG.DataProviderExample -->
