<?xml version="1.0" encoding="UTF-8"?>
<!-- Generated by org.testng.reporters.JUnitReportReporter -->
<testsuite hostname="DESKTOP-03NIIQU" failures="0" tests="3" name="com.screener.qa.testcases.LoginPageTest" time="44.207" errors="0" timestamp="2021-07-09T17:11:53 IST" skipped="0">
  <testcase classname="com.screener.qa.testcases.LoginPageTest" name="loginPageTitleTest" time="12.147"/>
  <system-out/>
  <testcase classname="com.screener.qa.testcases.LoginPageTest" name="screenerImageLogoTest" time="20.092"/>
  <system-out/>
  <testcase classname="com.screener.qa.testcases.LoginPageTest" name="loginTest" time="11.968"/>
  <system-out/>
</testsuite> <!-- com.screener.qa.testcases.LoginPageTest -->
