<?xml version="1.0" encoding="UTF-8"?>
<!-- Generated by org.testng.reporters.JUnitReportReporter -->
<testsuite hostname="DESKTOP-03NIIQU" failures="0" tests="3" name="com.screener.qa.testcases.LoginPageTest" time="70.194" errors="0" timestamp="2021-07-08T19:27:43 IST" skipped="0">
  <testcase classname="com.screener.qa.testcases.LoginPageTest" name="loginPageTitleTest" time="10.288"/>
  <system-out/>
  <testcase classname="com.screener.qa.testcases.LoginPageTest" name="screenerImageLogoTest" time="46.835"/>
  <system-out/>
  <testcase classname="com.screener.qa.testcases.LoginPageTest" name="loginTest" time="13.071"/>
  <system-out/>
</testsuite> <!-- com.screener.qa.testcases.LoginPageTest -->
