<?xml version="1.0" encoding="UTF-8"?>
<!-- Generated by org.testng.reporters.JUnitReportReporter -->
<testsuite hostname="DESKTOP-03NIIQU" failures="0" tests="3" name="com.screener.qa.testcases.LoginPageTest" time="40.741" errors="0" timestamp="2021-07-15T09:40:51 IST" skipped="0">
  <testcase classname="com.screener.qa.testcases.LoginPageTest" name="loginPageTitleTest" time="9.784"/>
  <system-out/>
  <testcase classname="com.screener.qa.testcases.LoginPageTest" name="screenerImageLogoTest" time="11.210"/>
  <system-out/>
  <testcase classname="com.screener.qa.testcases.LoginPageTest" name="loginTest" time="19.747"/>
  <system-out/>
</testsuite> <!-- com.screener.qa.testcases.LoginPageTest -->
