<?xml version="1.0" encoding="UTF-8"?>
<!-- Generated by org.testng.reporters.JUnitReportReporter -->
<testsuite hostname="DESKTOP-03NIIQU" failures="0" tests="4" name="com.screener.qa.testcases.ScreensPageTest" time="40.906" errors="0" timestamp="2021-07-14T16:35:08 IST" skipped="0">
  <testcase classname="com.screener.qa.testcases.ScreensPageTest" name="validateScreensPageTitleTest" time="10.258"/>
  <system-out/>
  <testcase classname="com.screener.qa.testcases.ScreensPageTest" name="validateUserNameLabelTest" time="9.500"/>
  <system-out/>
  <testcase classname="com.screener.qa.testcases.ScreensPageTest" name="validatecreateScreenLinkTextTest" time="10.179"/>
  <system-out/>
  <testcase classname="com.screener.qa.testcases.ScreensPageTest" name="clickOnCreateScreenLinkTest" time="10.969"/>
  <system-out/>
</testsuite> <!-- com.screener.qa.testcases.ScreensPageTest -->
