<?xml version="1.0" encoding="UTF-8"?>
<!-- Generated by org.testng.reporters.JUnitReportReporter -->
<testsuite hostname="DESKTOP-03NIIQU" failures="0" tests="3" name="com.screener.qa.testcases.HomePageTest" time="38.494" errors="0" timestamp="2021-07-09T17:11:53 IST" skipped="0">
  <testcase classname="com.screener.qa.testcases.HomePageTest" name="validateHomePageTitleTest" time="12.094"/>
  <system-out/>
  <testcase classname="com.screener.qa.testcases.HomePageTest" name="validateUserNameLabelTest" time="10.869"/>
  <system-out/>
  <testcase classname="com.screener.qa.testcases.HomePageTest" name="clickOnScreensLinkTest" time="15.531"/>
  <system-out/>
</testsuite> <!-- com.screener.qa.testcases.HomePageTest -->
