<?xml version="1.0" encoding="UTF-8"?>
<!-- Generated by org.testng.reporters.JUnitReportReporter -->
<testsuite hostname="DESKTOP-03NIIQU" failures="0" tests="4" name="com.screener.qa.testcases.SignupPageTest" time="43.317" errors="0" timestamp="2021-07-09T17:11:53 IST" skipped="0">
  <testcase classname="com.screener.qa.testcases.SignupPageTest" name="signupPageTitleTest" time="9.466"/>
  <system-out/>
  <testcase classname="com.screener.qa.testcases.SignupPageTest" name="fillCreateAccountFormTest" time="9.031"/>
  <system-out/>
  <testcase classname="com.screener.qa.testcases.SignupPageTest" name="validateCreateAccountBtnTextTest" time="12.649"/>
  <system-out/>
  <testcase classname="com.screener.qa.testcases.SignupPageTest" name="searchCompanyFieldEnabledTest" time="12.171"/>
  <system-out/>
</testsuite> <!-- com.screener.qa.testcases.SignupPageTest -->
