<?xml version="1.0" encoding="UTF-8"?>
<!-- Generated by org.testng.reporters.JUnitReportReporter -->
<testsuite hostname="DESKTOP-03NIIQU" failures="0" tests="3" name="com.screener.qa.testcases.LoginPageTest" time="34.086" errors="0" timestamp="2021-07-13T15:11:52 IST" skipped="0">
  <testcase classname="com.screener.qa.testcases.LoginPageTest" name="loginPageTitleTest" time="8.039"/>
  <system-out/>
  <testcase classname="com.screener.qa.testcases.LoginPageTest" name="screenerImageLogoTest" time="8.810"/>
  <system-out/>
  <testcase classname="com.screener.qa.testcases.LoginPageTest" name="loginTest" time="17.237"/>
  <system-out/>
</testsuite> <!-- com.screener.qa.testcases.LoginPageTest -->
