<?xml version="1.0" encoding="UTF-8"?>
<!-- Generated by org.testng.reporters.JUnitReportReporter -->
<testsuite hostname="DESKTOP-03NIIQU" failures="0" tests="3" name="com.screener.qa.testcases.ScreensPageTest" time="33.914" errors="0" timestamp="2021-07-09T17:11:53 IST" skipped="0">
  <testcase classname="com.screener.qa.testcases.ScreensPageTest" name="validateScreensPageTitleTest" time="11.267"/>
  <system-out/>
  <testcase classname="com.screener.qa.testcases.ScreensPageTest" name="validateUserNameLabelTest" time="11.814"/>
  <system-out/>
  <testcase classname="com.screener.qa.testcases.ScreensPageTest" name="validatecreateScreenLinkTextTest" time="10.833"/>
  <system-out/>
</testsuite> <!-- com.screener.qa.testcases.ScreensPageTest -->
