<?xml version="1.0" encoding="UTF-8"?>
<!-- Generated by org.testng.reporters.JUnitReportReporter -->
<testsuite hostname="DESKTOP-03NIIQU" failures="0" tests="6" name="com.screener.qa.testcases.CreateScreenPageTest" time="80.534" errors="0" timestamp="2021-07-10T23:20:39 IST" skipped="0">
  <testcase classname="com.screener.qa.testcases.CreateScreenPageTest" name="validateScreensPageTitleTest" time="15.186"/>
  <system-out/>
  <testcase classname="com.screener.qa.testcases.CreateScreenPageTest" name="validateUserNameLabelTest" time="10.948"/>
  <system-out/>
  <testcase classname="com.screener.qa.testcases.CreateScreenPageTest" name="validateCreateNewScreenTest" time="13.128"/>
  <system-out/>
  <testcase classname="com.screener.qa.testcases.CreateScreenPageTest" name="validateCreateNewScreenTest" time="14.386"/>
  <system-out/>
  <testcase classname="com.screener.qa.testcases.CreateScreenPageTest" name="validateCreateNewScreenTest" time="13.623"/>
  <system-out/>
  <testcase classname="com.screener.qa.testcases.CreateScreenPageTest" name="validateCreateNewScreenTest" time="13.263"/>
  <system-out/>
</testsuite> <!-- com.screener.qa.testcases.CreateScreenPageTest -->
