<?xml version="1.0" encoding="UTF-8"?>
<!-- Generated by org.testng.reporters.JUnitReportReporter -->
<testsuite hostname="DESKTOP-03NIIQU" failures="0" tests="4" name="com.screener.qa.testcases.SignupPageTest" time="31.192" errors="0" timestamp="2021-07-14T16:35:08 IST" skipped="0">
  <testcase classname="com.screener.qa.testcases.SignupPageTest" name="signupPageTitleTest" time="7.893"/>
  <system-out/>
  <testcase classname="com.screener.qa.testcases.SignupPageTest" name="fillCreateAccountFormTest" time="7.121"/>
  <system-out/>
  <testcase classname="com.screener.qa.testcases.SignupPageTest" name="validateCreateAccountBtnTextTest" time="8.042"/>
  <system-out/>
  <testcase classname="com.screener.qa.testcases.SignupPageTest" name="searchCompanyFieldEnabledTest" time="8.136"/>
  <system-out/>
</testsuite> <!-- com.screener.qa.testcases.SignupPageTest -->
