<?xml version="1.0" encoding="UTF-8"?>
<!-- Generated by org.testng.reporters.JUnitReportReporter -->
<testsuite hostname="DESKTOP-03NIIQU" failures="0" tests="3" name="com.screener.qa.testcases.HomePageTest" time="29.410" errors="0" timestamp="2021-07-14T16:35:08 IST" skipped="0">
  <testcase classname="com.screener.qa.testcases.HomePageTest" name="validateHomePageTitleTest" time="8.970"/>
  <system-out/>
  <testcase classname="com.screener.qa.testcases.HomePageTest" name="validateUserNameLabelTest" time="9.611"/>
  <system-out/>
  <testcase classname="com.screener.qa.testcases.HomePageTest" name="clickOnScreensLinkTest" time="10.829"/>
  <system-out/>
</testsuite> <!-- com.screener.qa.testcases.HomePageTest -->
