<?xml version="1.0" encoding="UTF-8"?>
<!-- Generated by org.testng.reporters.JUnitReportReporter -->
<testsuite hostname="DESKTOP-03NIIQU" failures="0" tests="3" name="com.screener.qa.testcases.LoginPageTest" time="27.479" errors="0" timestamp="2021-07-14T16:35:08 IST" skipped="0">
  <testcase classname="com.screener.qa.testcases.LoginPageTest" name="loginPageTitleTest" time="7.247"/>
  <system-out/>
  <testcase classname="com.screener.qa.testcases.LoginPageTest" name="screenerImageLogoTest" time="6.835"/>
  <system-out/>
  <testcase classname="com.screener.qa.testcases.LoginPageTest" name="loginTest" time="13.397"/>
  <system-out/>
</testsuite> <!-- com.screener.qa.testcases.LoginPageTest -->
