<?xml version="1.0" encoding="UTF-8"?>
<!-- Generated by org.testng.reporters.JUnitReportReporter -->
<testsuite hostname="DESKTOP-03NIIQU" failures="0" tests="3" name="com.screener.qa.testcases.HomePageTest" time="37.131" errors="0" timestamp="2021-07-13T14:41:50 IST" skipped="0">
  <testcase classname="com.screener.qa.testcases.HomePageTest" name="validateHomePageTitleTest" time="18.948"/>
  <system-out/>
  <testcase classname="com.screener.qa.testcases.HomePageTest" name="validateUserNameLabelTest" time="8.614"/>
  <system-out/>
  <testcase classname="com.screener.qa.testcases.HomePageTest" name="clickOnScreensLinkTest" time="9.569"/>
  <system-out/>
</testsuite> <!-- com.screener.qa.testcases.HomePageTest -->
