<?xml version="1.0" encoding="UTF-8"?>
<!-- Generated by org.testng.reporters.JUnitReportReporter -->
<testsuite hostname="DESKTOP-03NIIQU" failures="0" tests="3" name="testcases.LoginPageTest" time="30.190" errors="0" timestamp="2021-07-18T18:37:38 IST" skipped="0">
  <testcase classname="testcases.LoginPageTest" name="loginPageTitleTest" time="14.419"/>
  <system-out/>
  <testcase classname="testcases.LoginPageTest" name="screenerImageLogoTest" time="6.768"/>
  <system-out/>
  <testcase classname="testcases.LoginPageTest" name="loginTest" time="9.003"/>
  <system-out/>
</testsuite> <!-- testcases.LoginPageTest -->
