<?xml version="1.0" encoding="UTF-8"?>
<!-- Generated by org.testng.reporters.JUnitReportReporter -->
<testsuite hostname="DESKTOP-03NIIQU" failures="0" tests="4" name="com.screener.qa.testcases.ScreensPageTest" time="37.098" errors="0" timestamp="2021-07-15T16:55:45 IST" skipped="0">
  <testcase classname="com.screener.qa.testcases.ScreensPageTest" name="validateScreensPageTitleTest" time="8.658"/>
  <system-out/>
  <testcase classname="com.screener.qa.testcases.ScreensPageTest" name="validateUserNameLabelTest" time="9.125"/>
  <system-out/>
  <testcase classname="com.screener.qa.testcases.ScreensPageTest" name="validatecreateScreenLinkTextTest" time="9.754"/>
  <system-out/>
  <testcase classname="com.screener.qa.testcases.ScreensPageTest" name="clickOnCreateScreenLinkTest" time="9.561"/>
  <system-out/>
</testsuite> <!-- com.screener.qa.testcases.ScreensPageTest -->
