<?xml version="1.0" encoding="UTF-8"?>
<!-- Generated by org.testng.reporters.JUnitReportReporter -->
<testsuite hostname="DESKTOP-03NIIQU" failures="0" tests="4" name="com.screener.qa.testcases.SignupPageTest" time="32.118" errors="0" timestamp="2021-07-15T16:55:45 IST" skipped="0">
  <testcase classname="com.screener.qa.testcases.SignupPageTest" name="signupPageTitleTest" time="7.882"/>
  <system-out/>
  <testcase classname="com.screener.qa.testcases.SignupPageTest" name="fillCreateAccountFormTest" time="8.709"/>
  <system-out/>
  <testcase classname="com.screener.qa.testcases.SignupPageTest" name="validateCreateAccountBtnTextTest" time="7.582"/>
  <system-out/>
  <testcase classname="com.screener.qa.testcases.SignupPageTest" name="searchCompanyFieldEnabledTest" time="7.945"/>
  <system-out/>
</testsuite> <!-- com.screener.qa.testcases.SignupPageTest -->
